{"/home/tivt/projects/todo-api-with-tdd/src/application/errors/invalid-credential-error.ts": {"path":"/home/tivt/projects/todo-api-with-tdd/src/application/errors/invalid-credential-error.ts","statementMap":{"0":{"start":{"line":3,"column":4},"end":{"line":3,"column":44}},"1":{"start":{"line":1,"column":0},"end":{"line":1,"column":13}}},"fnMap":{"0":{"name":"(anonymous_0)","decl":{"start":{"line":2,"column":2},"end":{"line":2,"column":14}},"loc":{"start":{"line":2,"column":30},"end":{"line":4,"column":3}}}},"branchMap":{"0":{"loc":{"start":{"line":3,"column":10},"end":{"line":3,"column":42}},"type":"binary-expr","locations":[{"start":{"line":3,"column":10},"end":{"line":3,"column":17}},{"start":{"line":3,"column":21},"end":{"line":3,"column":42}}]}},"s":{"0":0,"1":1},"f":{"0":0},"b":{"0":[0,0]}}
,"/home/tivt/projects/todo-api-with-tdd/src/application/use-cases/login-user.ts": {"path":"/home/tivt/projects/todo-api-with-tdd/src/application/use-cases/login-user.ts","statementMap":{"0":{"start":{"line":4,"column":0},"end":{"line":4,"column":77}},"1":{"start":{"line":8,"column":12},"end":{"line":8,"column":37}},"2":{"start":{"line":9,"column":12},"end":{"line":9,"column":39}},"3":{"start":{"line":10,"column":12},"end":{"line":10,"column":49}},"4":{"start":{"line":14,"column":17},"end":{"line":14,"column":54}},"5":{"start":{"line":15,"column":4},"end":{"line":17,"column":null}},"6":{"start":{"line":16,"column":6},"end":{"line":16,"column":42}},"7":{"start":{"line":19,"column":26},"end":{"line":21,"column":null}},"8":{"start":{"line":23,"column":4},"end":{"line":25,"column":null}},"9":{"start":{"line":24,"column":6},"end":{"line":24,"column":42}},"10":{"start":{"line":27,"column":18},"end":{"line":27,"column":59}},"11":{"start":{"line":28,"column":4},"end":{"line":28,"column":17}},"12":{"start":{"line":6,"column":0},"end":{"line":6,"column":13}}},"fnMap":{"0":{"name":"(anonymous_0)","decl":{"start":{"line":7,"column":2},"end":{"line":7,"column":null}},"loc":{"start":{"line":10,"column":49},"end":{"line":11,"column":6}}},"1":{"name":"(anonymous_1)","decl":{"start":{"line":13,"column":2},"end":{"line":13,"column":7}},"loc":{"start":{"line":13,"column":48},"end":{"line":29,"column":3}}}},"branchMap":{"0":{"loc":{"start":{"line":15,"column":4},"end":{"line":17,"column":null}},"type":"if","locations":[{"start":{"line":15,"column":4},"end":{"line":17,"column":null}}]},"1":{"loc":{"start":{"line":23,"column":4},"end":{"line":25,"column":null}},"type":"if","locations":[{"start":{"line":23,"column":4},"end":{"line":25,"column":null}}]}},"s":{"0":1,"1":1,"2":1,"3":1,"4":1,"5":1,"6":0,"7":1,"8":1,"9":0,"10":1,"11":1,"12":1},"f":{"0":1,"1":1},"b":{"0":[0],"1":[0]}}
,"/home/tivt/projects/todo-api-with-tdd/src/application/use-cases/register-new-user.ts": {"path":"/home/tivt/projects/todo-api-with-tdd/src/application/use-cases/register-new-user.ts","statementMap":{"0":{"start":{"line":7,"column":12},"end":{"line":7,"column":37}},"1":{"start":{"line":8,"column":12},"end":{"line":8,"column":49}},"2":{"start":{"line":12,"column":27},"end":{"line":12,"column":78}},"3":{"start":{"line":14,"column":17},"end":{"line":14,"column":69}},"4":{"start":{"line":15,"column":4},"end":{"line":15,"column":16}},"5":{"start":{"line":5,"column":0},"end":{"line":5,"column":13}}},"fnMap":{"0":{"name":"(anonymous_0)","decl":{"start":{"line":6,"column":2},"end":{"line":6,"column":null}},"loc":{"start":{"line":8,"column":49},"end":{"line":9,"column":6}}},"1":{"name":"(anonymous_1)","decl":{"start":{"line":11,"column":2},"end":{"line":11,"column":7}},"loc":{"start":{"line":11,"column":51},"end":{"line":16,"column":3}}}},"branchMap":{},"s":{"0":1,"1":1,"2":1,"3":1,"4":1,"5":1},"f":{"0":1,"1":1},"b":{}}
,"/home/tivt/projects/todo-api-with-tdd/src/infra/db/user-repository-spy.ts": {"path":"/home/tivt/projects/todo-api-with-tdd/src/infra/db/user-repository-spy.ts","statementMap":{"0":{"start":{"line":3,"column":0},"end":{"line":3,"column":28}},"1":{"start":{"line":6,"column":18},"end":{"line":6,"column":20}},"2":{"start":{"line":9,"column":17},"end":{"line":14,"column":6}},"3":{"start":{"line":16,"column":4},"end":{"line":16,"column":25}},"4":{"start":{"line":18,"column":4},"end":{"line":18,"column":51}},"5":{"start":{"line":18,"column":36},"end":{"line":18,"column":49}},"6":{"start":{"line":22,"column":17},"end":{"line":22,"column":69}},"7":{"start":{"line":22,"column":42},"end":{"line":22,"column":68}},"8":{"start":{"line":23,"column":4},"end":{"line":25,"column":7}},"9":{"start":{"line":24,"column":6},"end":{"line":24,"column":20}},"10":{"start":{"line":5,"column":0},"end":{"line":5,"column":13}}},"fnMap":{"0":{"name":"(anonymous_1)","decl":{"start":{"line":8,"column":2},"end":{"line":8,"column":7}},"loc":{"start":{"line":8,"column":55},"end":{"line":19,"column":3}}},"1":{"name":"(anonymous_2)","decl":{"start":{"line":18,"column":23},"end":{"line":18,"column":24}},"loc":{"start":{"line":18,"column":36},"end":{"line":18,"column":49}}},"2":{"name":"(anonymous_3)","decl":{"start":{"line":21,"column":2},"end":{"line":21,"column":7}},"loc":{"start":{"line":21,"column":32},"end":{"line":26,"column":3}}},"3":{"name":"(anonymous_4)","decl":{"start":{"line":22,"column":32},"end":{"line":22,"column":33}},"loc":{"start":{"line":22,"column":42},"end":{"line":22,"column":68}}},"4":{"name":"(anonymous_5)","decl":{"start":{"line":23,"column":23},"end":{"line":23,"column":24}},"loc":{"start":{"line":23,"column":35},"end":{"line":25,"column":5}}}},"branchMap":{},"s":{"0":2,"1":2,"2":1,"3":1,"4":1,"5":1,"6":1,"7":1,"8":1,"9":1,"10":2},"f":{"0":1,"1":1,"2":1,"3":1,"4":1},"b":{}}
,"/home/tivt/projects/todo-api-with-tdd/src/mocks/password-encrypter-spy.ts": {"path":"/home/tivt/projects/todo-api-with-tdd/src/mocks/password-encrypter-spy.ts","statementMap":{"0":{"start":{"line":2,"column":0},"end":{"line":2,"column":28}},"1":{"start":{"line":5,"column":21},"end":{"line":5,"column":23}},"2":{"start":{"line":6,"column":27},"end":{"line":6,"column":29}},"3":{"start":{"line":9,"column":4},"end":{"line":9,"column":29}},"4":{"start":{"line":10,"column":27},"end":{"line":10,"column":57}},"5":{"start":{"line":11,"column":4},"end":{"line":11,"column":41}},"6":{"start":{"line":12,"column":4},"end":{"line":12,"column":26}},"7":{"start":{"line":16,"column":26},"end":{"line":16,"column":72}},"8":{"start":{"line":17,"column":4},"end":{"line":17,"column":25}},"9":{"start":{"line":4,"column":0},"end":{"line":4,"column":13}}},"fnMap":{"0":{"name":"(anonymous_1)","decl":{"start":{"line":8,"column":2},"end":{"line":8,"column":7}},"loc":{"start":{"line":8,"column":37},"end":{"line":13,"column":3}}},"1":{"name":"(anonymous_2)","decl":{"start":{"line":15,"column":2},"end":{"line":15,"column":7}},"loc":{"start":{"line":15,"column":56},"end":{"line":18,"column":3}}}},"branchMap":{},"s":{"0":2,"1":2,"2":2,"3":1,"4":1,"5":1,"6":1,"7":1,"8":0,"9":2},"f":{"0":1,"1":1},"b":{}}
,"/home/tivt/projects/todo-api-with-tdd/src/mocks/token-manager-spy.ts": {"path":"/home/tivt/projects/todo-api-with-tdd/src/mocks/token-manager-spy.ts","statementMap":{"0":{"start":{"line":2,"column":0},"end":{"line":2,"column":31}},"1":{"start":{"line":9,"column":11},"end":{"line":9,"column":13}},"2":{"start":{"line":10,"column":10},"end":{"line":10,"column":12}},"3":{"start":{"line":13,"column":4},"end":{"line":13,"column":25}},"4":{"start":{"line":14,"column":18},"end":{"line":14,"column":69}},"5":{"start":{"line":15,"column":4},"end":{"line":15,"column":23}},"6":{"start":{"line":16,"column":4},"end":{"line":16,"column":17}},"7":{"start":{"line":20,"column":4},"end":{"line":20,"column":23}},"8":{"start":{"line":21,"column":20},"end":{"line":23,"column":null}},"9":{"start":{"line":26,"column":4},"end":{"line":26,"column":26}},"10":{"start":{"line":8,"column":0},"end":{"line":8,"column":13}}},"fnMap":{"0":{"name":"(anonymous_1)","decl":{"start":{"line":12,"column":2},"end":{"line":12,"column":7}},"loc":{"start":{"line":12,"column":31},"end":{"line":17,"column":3}}},"1":{"name":"(anonymous_2)","decl":{"start":{"line":19,"column":2},"end":{"line":19,"column":7}},"loc":{"start":{"line":19,"column":30},"end":{"line":27,"column":3}}}},"branchMap":{},"s":{"0":1,"1":1,"2":1,"3":1,"4":1,"5":1,"6":1,"7":0,"8":0,"9":0,"10":1},"f":{"0":1,"1":0},"b":{}}
}
