TN:
SF:src/application/errors/invalid-credential-error.ts
FN:2,(anonymous_0)
FNF:1
FNH:1
FNDA:2,(anonymous_0)
DA:1,1
DA:3,2
LF:2
LH:2
BRDA:3,0,0,2
BRDA:3,0,1,2
BRF:2
BRH:2
end_of_record
TN:
SF:src/application/use-cases/login-user.ts
FN:7,(anonymous_0)
FN:13,(anonymous_1)
FNF:2
FNH:2
FNDA:3,(anonymous_0)
FNDA:3,(anonymous_1)
DA:4,1
DA:6,1
DA:8,3
DA:9,3
DA:10,3
DA:14,3
DA:15,3
DA:16,1
DA:19,2
DA:23,2
DA:24,1
DA:27,1
DA:28,1
LF:13
LH:13
BRDA:15,0,0,1
BRDA:23,1,0,1
BRF:2
BRH:2
end_of_record
TN:
SF:src/application/use-cases/register-new-user.ts
FN:6,(anonymous_0)
FN:11,(anonymous_1)
FNF:2
FNH:2
FNDA:3,(anonymous_0)
FNDA:3,(anonymous_1)
DA:5,1
DA:7,3
DA:8,3
DA:12,3
DA:14,3
DA:15,3
LF:6
LH:6
BRF:0
BRH:0
end_of_record
TN:
SF:src/mocks/password-encrypter-spy.ts
FN:9,(anonymous_1)
FN:16,(anonymous_2)
FNF:2
FNH:2
FNDA:3,(anonymous_1)
FNDA:2,(anonymous_2)
DA:2,2
DA:4,2
DA:5,6
DA:6,6
DA:7,6
DA:10,3
DA:11,3
DA:12,3
DA:13,3
DA:17,2
DA:18,2
DA:19,2
LF:12
LH:12
BRF:0
BRH:0
end_of_record
TN:
SF:src/mocks/token-manager-spy.ts
FN:12,(anonymous_1)
FN:19,(anonymous_2)
FNF:2
FNH:1
FNDA:1,(anonymous_1)
FNDA:0,(anonymous_2)
DA:2,1
DA:8,1
DA:9,3
DA:10,3
DA:13,1
DA:14,1
DA:15,1
DA:16,1
DA:20,0
DA:21,0
DA:26,0
LF:11
LH:8
BRF:0
BRH:0
end_of_record
TN:
SF:src/mocks/user-repository-spy.ts
FN:9,(anonymous_1)
FN:19,(anonymous_2)
FN:22,(anonymous_3)
FN:24,(anonymous_4)
FN:25,(anonymous_5)
FNF:5
FNH:5
FNDA:3,(anonymous_1)
FNDA:3,(anonymous_2)
FNDA:3,(anonymous_3)
FNDA:2,(anonymous_4)
FNDA:3,(anonymous_5)
DA:3,2
DA:5,2
DA:6,6
DA:7,6
DA:10,3
DA:17,3
DA:19,3
DA:23,3
DA:24,3
DA:25,3
DA:26,3
LF:11
LH:11
BRF:0
BRH:0
end_of_record
